<?xml version="1.0" encoding="UTF-8"?>
<!-- Generated by org.testng.reporters.JUnitXMLReporter -->
<testsuite hostname="DESKTOP-PU29T00" ignored="0" name="Test02" tests="1" failures="1" timestamp="18 Dec 2020 07:28:15 GMT" time="36.725" errors="0">
  <testcase name="Todaysdelastest" time="30.349" classname="com.page.TestCases.TC02TodaysdealsTest">
    <failure type="org.openqa.selenium.ElementClickInterceptedException" message="element click intercepted: Element &amp;lt;a href=&amp;quot;/gp/goldbox?ref_=nav_cs_gb&amp;quot; class=&amp;quot;nav-a  &amp;quot; tabindex=&amp;quot;0&amp;quot; data-csa-c-type=&amp;quot;link&amp;quot; data-csa-c-slot-id=&amp;quot;nav_cs_3&amp;quot; data-csa-c-content-id=&amp;quot;nav_cs_gb&amp;quot; data-csa-c-id=&amp;quot;1pasv2-pet71v-t2qw7q-ge1seo&amp;quot;&amp;gt;...&amp;lt;/a&amp;gt; is not clickable at point (360, 79). Other element would receive the click: &amp;lt;ul class=&amp;quot;hmenu dsk-hmenu-reorganization hmenu-visible&amp;quot; data-menu-id=&amp;quot;1&amp;quot;&amp;gt;...&amp;lt;/ul&amp;gt;
  (Session info: chrome=87.0.4280.88)
Build info: version: &amp;apos;3.141.59&amp;apos;, revision: &amp;apos;e82be7d358&amp;apos;, time: &amp;apos;2018-11-14T08:17:03&amp;apos;
System info: host: &amp;apos;DESKTOP-PU29T00&amp;apos;, ip: &amp;apos;192.168.225.218&amp;apos;, os.name: &amp;apos;Windows 10&amp;apos;, os.arch: &amp;apos;amd64&amp;apos;, os.version: &amp;apos;10.0&amp;apos;, java.version: &amp;apos;1.8.0_271&amp;apos;
Driver info: org.openqa.selenium.chrome.ChromeDriver
Capabilities {acceptInsecureCerts: false, browserName: chrome, browserVersion: 87.0.4280.88, chrome: {chromedriverVersion: 87.0.4280.88 (89e2380a3e36c..., userDataDir: C:\Users\SATHISH\AppData\Lo...}, goog:chromeOptions: {debuggerAddress: localhost:57441}, javascriptEnabled: true, networkConnectionEnabled: false, pageLoadStrategy: normal, platform: WINDOWS, platformName: WINDOWS, proxy: Proxy(), setWindowRect: true, strictFileInteractability: false, timeouts: {implicit: 0, pageLoad: 300000, script: 30000}, unhandledPromptBehavior: dismiss and notify, webauthn:virtualAuthenticators: true}
Session ID: 1c06bc7f89070b8741b654f8bc064cbc">
      <![CDATA[org.openqa.selenium.ElementClickInterceptedException: element click intercepted: Element <a href="/gp/goldbox?ref_=nav_cs_gb" class="nav-a  " tabindex="0" data-csa-c-type="link" data-csa-c-slot-id="nav_cs_3" data-csa-c-content-id="nav_cs_gb" data-csa-c-id="1pasv2-pet71v-t2qw7q-ge1seo">...</a> is not clickable at point (360, 79). Other element would receive the click: <ul class="hmenu dsk-hmenu-reorganization hmenu-visible" data-menu-id="1">...</ul>
  (Session info: chrome=87.0.4280.88)
Build info: version: '3.141.59', revision: 'e82be7d358', time: '2018-11-14T08:17:03'
System info: host: 'DESKTOP-PU29T00', ip: '192.168.225.218', os.name: 'Windows 10', os.arch: 'amd64', os.version: '10.0', java.version: '1.8.0_271'
Driver info: org.openqa.selenium.chrome.ChromeDriver
Capabilities {acceptInsecureCerts: false, browserName: chrome, browserVersion: 87.0.4280.88, chrome: {chromedriverVersion: 87.0.4280.88 (89e2380a3e36c..., userDataDir: C:\Users\SATHISH\AppData\Lo...}, goog:chromeOptions: {debuggerAddress: localhost:57441}, javascriptEnabled: true, networkConnectionEnabled: false, pageLoadStrategy: normal, platform: WINDOWS, platformName: WINDOWS, proxy: Proxy(), setWindowRect: true, strictFileInteractability: false, timeouts: {implicit: 0, pageLoad: 300000, script: 30000}, unhandledPromptBehavior: dismiss and notify, webauthn:virtualAuthenticators: true}
Session ID: 1c06bc7f89070b8741b654f8bc064cbc
	at org.openqa.selenium.remote.http.W3CHttpResponseCodec.createException(W3CHttpResponseCodec.java:187)
	at org.openqa.selenium.remote.http.W3CHttpResponseCodec.decode(W3CHttpResponseCodec.java:122)
	at org.openqa.selenium.remote.http.W3CHttpResponseCodec.decode(W3CHttpResponseCodec.java:49)
	at org.openqa.selenium.remote.HttpCommandExecutor.execute(HttpCommandExecutor.java:158)
	at org.openqa.selenium.remote.service.DriverCommandExecutor.execute(DriverCommandExecutor.java:83)
	at org.openqa.selenium.remote.RemoteWebDriver.execute(RemoteWebDriver.java:552)
	at org.openqa.selenium.remote.RemoteWebElement.execute(RemoteWebElement.java:285)
	at org.openqa.selenium.remote.RemoteWebElement.click(RemoteWebElement.java:84)
	at com.page.Pageobjects.HomePage.Clicktodaysdeals(HomePage.java:41)
	at com.page.TestCases.TC02TodaysdealsTest.Todaysdelastest(TC02TodaysdealsTest.java:35)
... Removed 29 stack frames]]>
    </failure>
  </testcase> <!-- Todaysdelastest -->
</testsuite> <!-- Test02 -->
