<?xml version="1.0" encoding="UTF-8"?>
<testng-results skipped="0" failed="0" ignored="0" total="1" passed="1">
  <reporter-output>
  </reporter-output>
  <suite name="Suite" duration-ms="18272" started-at="2021-05-17T11:39:36Z" finished-at="2021-05-17T11:39:54Z">
    <groups>
    </groups>
    <test name="Test" duration-ms="18272" started-at="2021-05-17T11:39:36Z" finished-at="2021-05-17T11:39:54Z">
      <class name="com.page.TestCases.TC02TodaysdealsTest">
        <test-method status="PASS" signature="Todaysdelastest()[pri:0, instance:com.page.TestCases.TC02TodaysdealsTest@18be83e4]" name="Todaysdelastest" duration-ms="18229" started-at="2021-05-17T17:09:36Z" finished-at="2021-05-17T17:09:54Z">
          <reporter-output>
          </reporter-output>
        </test-method> <!-- Todaysdelastest -->
      </class> <!-- com.page.TestCases.TC02TodaysdealsTest -->
    </test> <!-- Test -->
  </suite> <!-- Suite -->
</testng-results>
